{
  "stats": {
    "suites": 3,
    "tests": 3,
    "passes": 3,
    "pending": 0,
    "failures": 0,
    "testsRegistered": 3,
    "passPercent": 100,
    "pendingPercent": 0,
    "other": 0,
    "hasOther": false,
    "skipped": 0,
    "hasSkipped": false,
    "start": "2025-11-18T09:21:27.906Z",
    "end": "2025-11-18T09:45:35.223Z",
    "duration": 1447317
  },
  "results": [
    {
      "uuid": "a4ced61a-451f-4db3-89d1-a69192e8b646",
      "title": "",
      "fullFile": "cypress/e2e/checkout.cy.js",
      "file": "cypress/e2e/checkout.cy.js",
      "beforeHooks": [],
      "afterHooks": [],
      "tests": [],
      "suites": [
        {
          "uuid": "ad5ffdb9-2beb-45d1-be09-3b7b3fa5cd8b",
          "title": "select randome three random intem and add to cart them",
          "fullFile": "",
          "file": "",
          "beforeHooks": [],
          "afterHooks": [],
          "tests": [
            {
              "title": "Select 3 random items and complete checkout",
              "fullTitle": "select randome three random intem and add to cart them Select 3 random items and complete checkout",
              "timedOut": null,
              "duration": 3236,
              "state": "passed",
              "speed": "fast",
              "pass": true,
              "fail": false,
              "pending": false,
              "context": null,
              "code": "// login in to the page\ncy.visit('https://www.saucedemo.com/');\ncy.get('[id=\"user-name\"]').type('standard_user');\ncy.get('#password').type('secret_sauce');\ncy.get('#login-button').click();\ncy.url().should('contain', 'inventory.html');\n// select random three character\ncy.get('[class=\"inventory_item\"]').then(items => {\n  let total = items.length;\n  if (total < 3) throw new error(\"not enough product\");\n  const randomitems = [];\n  while (randomitems.length < 3) {\n    const r = Math.floor(Math.random() * total);\n    if (!randomitems.includes(r)) {\n      randomitems.push(r);\n    }\n  }\n  randomitems.forEach(i => {\n    cy.wrap(items[i]).find('button').click();\n  });\n});\n// checkout of the items\ncy.get('[class=\"shopping_cart_badge\"]').should('contain', '3');\ncy.get('[class=\"shopping_cart_link\"]').click();\ncy.get('[class=\"cart_item\"]').should('have.length', 3);\n// checkout\ncy.get('[id=\"checkout\"]').click();\ncy.get('[id=\"first-name\"]').type('tanmay');\ncy.get('[id=\"last-name\"]').type('walz');\ncy.get('[id=\"postal-code\"]').type('412101');\ncy.get('[id=\"continue\"]').click();\ncy.get('[id=\"finish\"]').click();\ncy.get('[class=\"complete-header\"]').should('have.text', 'Thank you for your order!');",
              "err": {},
              "uuid": "ec8f6c6e-a128-415b-a4fd-2646b99f798d",
              "parentUUID": "ad5ffdb9-2beb-45d1-be09-3b7b3fa5cd8b",
              "isHook": false,
              "skipped": false
            }
          ],
          "suites": [],
          "passes": [
            "ec8f6c6e-a128-415b-a4fd-2646b99f798d"
          ],
          "failures": [],
          "pending": [],
          "skipped": [],
          "duration": 3236,
          "root": false,
          "rootEmpty": false,
          "_timeout": 2000
        }
      ],
      "passes": [],
      "failures": [],
      "pending": [],
      "skipped": [],
      "duration": 0,
      "root": true,
      "rootEmpty": true,
      "_timeout": 2000
    },
    {
      "uuid": "64b30530-0ced-462d-8c39-9f7edbf96583",
      "title": "",
      "fullFile": "cypress/e2e/checkout.cy.js",
      "file": "cypress/e2e/checkout.cy.js",
      "beforeHooks": [],
      "afterHooks": [],
      "tests": [],
      "suites": [
        {
          "uuid": "94966b07-4278-4684-9506-f0450c4ffee8",
          "title": "select randome three random intem and add to cart them",
          "fullFile": "",
          "file": "",
          "beforeHooks": [],
          "afterHooks": [],
          "tests": [
            {
              "title": "Select 3 random items and complete checkout",
              "fullTitle": "select randome three random intem and add to cart them Select 3 random items and complete checkout",
              "timedOut": null,
              "duration": 3218,
              "state": "passed",
              "speed": "fast",
              "pass": true,
              "fail": false,
              "pending": false,
              "context": null,
              "code": "// login in to the page\ncy.visit('https://www.saucedemo.com/');\ncy.get('[id=\"user-name\"]').type('standard_user');\ncy.get('#password').type('secret_sauce');\ncy.get('#login-button').click();\ncy.url().should('contain', 'inventory.html');\n// select random three character\ncy.get('[class=\"inventory_item\"]').then(items => {\n  let total = items.length;\n  if (total < 3) throw new error(\"not enough product\");\n  const randomitems = [];\n  while (randomitems.length < 3) {\n    const r = Math.floor(Math.random() * total);\n    if (!randomitems.includes(r)) {\n      randomitems.push(r);\n    }\n  }\n  randomitems.forEach(i => {\n    cy.wrap(items[i]).find('button').click();\n  });\n});\n// checkout of the items\ncy.get('[class=\"shopping_cart_badge\"]').should('contain', '3');\ncy.get('[class=\"shopping_cart_link\"]').click();\ncy.get('[class=\"cart_item\"]').should('have.length', 3);\n// checkout\ncy.get('[id=\"checkout\"]').click();\ncy.get('[id=\"first-name\"]').type('tanmay');\ncy.get('[id=\"last-name\"]').type('walz');\ncy.get('[id=\"postal-code\"]').type('412101');\ncy.get('[id=\"continue\"]').click();\ncy.get('[id=\"finish\"]').click();\ncy.get('[class=\"complete-header\"]').should('have.text', 'Thank you for your order!');",
              "err": {},
              "uuid": "623ef5f0-06e5-4c22-85cf-d972b6b3d377",
              "parentUUID": "94966b07-4278-4684-9506-f0450c4ffee8",
              "isHook": false,
              "skipped": false
            }
          ],
          "suites": [],
          "passes": [
            "623ef5f0-06e5-4c22-85cf-d972b6b3d377"
          ],
          "failures": [],
          "pending": [],
          "skipped": [],
          "duration": 3218,
          "root": false,
          "rootEmpty": false,
          "_timeout": 2000
        }
      ],
      "passes": [],
      "failures": [],
      "pending": [],
      "skipped": [],
      "duration": 0,
      "root": true,
      "rootEmpty": true,
      "_timeout": 2000
    },
    {
      "uuid": "d26fef24-109e-443f-b1c2-848a336feb73",
      "title": "",
      "fullFile": "cypress/e2e/checkout.cy.js",
      "file": "cypress/e2e/checkout.cy.js",
      "beforeHooks": [],
      "afterHooks": [],
      "tests": [],
      "suites": [
        {
          "uuid": "2e93c9fe-0e07-4227-bed9-81f6de5830c5",
          "title": "select randome three random intem and add to cart them",
          "fullFile": "",
          "file": "",
          "beforeHooks": [],
          "afterHooks": [],
          "tests": [
            {
              "title": "Select 3 random items and complete checkout",
              "fullTitle": "select randome three random intem and add to cart them Select 3 random items and complete checkout",
              "timedOut": null,
              "duration": 3367,
              "state": "passed",
              "speed": "fast",
              "pass": true,
              "fail": false,
              "pending": false,
              "context": null,
              "code": "// login in to the page\ncy.visit('https://www.saucedemo.com/');\ncy.get('[id=\"user-name\"]').type('standard_user');\ncy.get('#password').type('secret_sauce');\ncy.get('#login-button').click();\ncy.url().should('contain', 'inventory.html');\n// select random three character\ncy.get('[class=\"inventory_item\"]').then(items => {\n  let total = items.length;\n  if (total < 3) throw new error(\"not enough product\");\n  const randomitems = [];\n  while (randomitems.length < 3) {\n    const r = Math.floor(Math.random() * total);\n    if (!randomitems.includes(r)) {\n      randomitems.push(r);\n    }\n  }\n  randomitems.forEach(i => {\n    cy.wrap(items[i]).find('button').click();\n  });\n});\n// checkout of the items\ncy.get('[class=\"shopping_cart_badge\"]').should('contain', '3');\ncy.get('[class=\"shopping_cart_link\"]').click();\ncy.get('[class=\"cart_item\"]').should('have.length', 3);\n// checkout\ncy.get('[id=\"checkout\"]').click();\ncy.get('[id=\"first-name\"]').type('tanmay');\ncy.get('[id=\"last-name\"]').type('walz');\ncy.get('[id=\"postal-code\"]').type('412101');\ncy.get('[id=\"continue\"]').click();\ncy.get('[id=\"finish\"]').click();\ncy.get('[class=\"complete-header\"]').should('have.text', 'Thank you for your order!');",
              "err": {},
              "uuid": "3c5bb893-a443-4f07-a5aa-0a9c78c71258",
              "parentUUID": "2e93c9fe-0e07-4227-bed9-81f6de5830c5",
              "isHook": false,
              "skipped": false
            }
          ],
          "suites": [],
          "passes": [
            "3c5bb893-a443-4f07-a5aa-0a9c78c71258"
          ],
          "failures": [],
          "pending": [],
          "skipped": [],
          "duration": 3367,
          "root": false,
          "rootEmpty": false,
          "_timeout": 2000
        }
      ],
      "passes": [],
      "failures": [],
      "pending": [],
      "skipped": [],
      "duration": 0,
      "root": true,
      "rootEmpty": true,
      "_timeout": 2000
    }
  ],
  "meta": {
    "mocha": {
      "version": "7.2.0"
    },
    "mochawesome": {
      "options": {
        "quiet": false,
        "reportFilename": "mochawesome",
        "saveHtml": true,
        "saveJson": true,
        "consoleReporter": "spec",
        "useInlineDiffs": false,
        "code": true
      },
      "version": "7.1.4"
    },
    "marge": {
      "options": {
        "reportDir": "cypress/reports",
        "overwrite": false,
        "html": true,
        "json": true
      },
      "version": "6.3.2"
    }
  }
}