{
  "stats": {
    "suites": 1,
    "tests": 1,
    "passes": 0,
    "pending": 0,
    "failures": 1,
    "start": "2025-11-18T10:03:33.765Z",
    "end": "2025-11-18T10:03:34.163Z",
    "duration": 398,
    "testsRegistered": 1,
    "passPercent": 0,
    "pendingPercent": 0,
    "other": 0,
    "hasOther": false,
    "skipped": 0,
    "hasSkipped": false
  },
  "results": [
    {
      "uuid": "1780f511-b428-4ee7-84da-586d250af336",
      "title": "",
      "fullFile": "cypress/e2e/checkout.cy.js",
      "file": "cypress/e2e/checkout.cy.js",
      "beforeHooks": [],
      "afterHooks": [],
      "tests": [],
      "suites": [
        {
          "uuid": "f685b68f-78ba-4c62-b1f4-f5486e34b9d0",
          "title": "SauceDemo – Random Item Checkout",
          "fullFile": "",
          "file": "",
          "beforeHooks": [],
          "afterHooks": [],
          "tests": [
            {
              "title": "Select 3 random items and complete checkout",
              "fullTitle": "SauceDemo – Random Item Checkout Select 3 random items and complete checkout",
              "timedOut": null,
              "duration": 257,
              "state": "failed",
              "speed": null,
              "pass": false,
              "fail": true,
              "pending": false,
              "context": null,
              "code": "// Login\nlogin.visit();\nlogin.login();\ncy.url().should(\"contain\", \"inventory.html\");\n// Add 3 random items\nproducts.addRandomItems(3);\n// Assert cart badge\ncy.get(\".shopping_cart_badge\").should(\"contain\", \"3\");\n// Go to cart\nproducts.openCart();\n// Assert cart items count\ncart.verifyItemsCount(3);\n// Checkout\ncart.clickCheckout();\ncheckout.enterFirstName(\"Akash\");\ncheckout.enterLastName(\"Walzade\");\ncheckout.enterPostalCode(\"412101\");\ncheckout.clickContinue();\ncheckout.clickFinish();\n// Final assertion\ncheckout.verifySuccessMessage();",
              "err": {
                "message": "TypeError: Cannot read properties of undefined (reading 'visit')",
                "estack": "TypeError: Cannot read properties of undefined (reading 'visit')\n    at Context.eval (webpack://sauce_demo_cypress/./cypress/e2e/checkout.cy.js:13:10)\n    at runnable.fn (http://localhost:39597/__cypress/runner/cypress_runner.js:141938:19)\n    at callFn (http://localhost:39597/__cypress/runner/cypress_runner.js:161016:21)\n    at Runnable.run (http://localhost:39597/__cypress/runner/cypress_runner.js:161003:7)\n    at <unknown> (http://localhost:39597/__cypress/runner/cypress_runner.js:167096:30)\n    at PassThroughHandlerContext.finallyHandler (http://localhost:39597/__cypress/runner/cypress_runner.js:4042:23)\n    at PassThroughHandlerContext.tryCatcher (http://localhost:39597/__cypress/runner/cypress_runner.js:1777:23)\n    at Promise._settlePromiseFromHandler (http://localhost:39597/__cypress/runner/cypress_runner.js:1489:31)\n    at Promise._settlePromise (http://localhost:39597/__cypress/runner/cypress_runner.js:1546:18)",
                "diff": null
              },
              "uuid": "dfbcbdae-cd63-445c-a593-d65fa7e8e693",
              "parentUUID": "f685b68f-78ba-4c62-b1f4-f5486e34b9d0",
              "isHook": false,
              "skipped": false
            }
          ],
          "suites": [],
          "passes": [],
          "failures": [
            "dfbcbdae-cd63-445c-a593-d65fa7e8e693"
          ],
          "pending": [],
          "skipped": [],
          "duration": 257,
          "root": false,
          "rootEmpty": false,
          "_timeout": 2000
        }
      ],
      "passes": [],
      "failures": [],
      "pending": [],
      "skipped": [],
      "duration": 0,
      "root": true,
      "rootEmpty": true,
      "_timeout": 2000
    }
  ],
  "meta": {
    "mocha": {
      "version": "7.2.0"
    },
    "mochawesome": {
      "options": {
        "quiet": false,
        "reportFilename": "mochawesome",
        "saveHtml": true,
        "saveJson": true,
        "consoleReporter": "spec",
        "useInlineDiffs": false,
        "code": true
      },
      "version": "7.1.4"
    },
    "marge": {
      "options": {
        "reportDir": "cypress/reports",
        "overwrite": false,
        "html": true,
        "json": true
      },
      "version": "6.3.2"
    }
  }
}